app/build/outputs/logs/manifest-merger-debug-report.txt
-- Merging decision tree log ---
manifest
ADDED from src/main/AndroidManifest.xml:1:1-31:12
	package
		ADDED from src/main/AndroidManifest.xml:2:2-40
	android:versionName
		ADDED from src/main/AndroidManifest.xml:4:2-27
		INJECTED from src/main/AndroidManifest.xml
		INJECTED from src/main/AndroidManifest.xml
	android:versionCode
		ADDED from src/main/AndroidManifest.xml:3:2-25
		INJECTED from src/main/AndroidManifest.xml
		INJECTED from src/main/AndroidManifest.xml
	xmlns:android
		ADDED from src/main/AndroidManifest.xml:1:11-69
uses-sdk
ADDED from src/main/AndroidManifest.xml:6:2-8:34
MERGED from [com.android.support:support-v13:21.0.3] AndroidManifest.xml:15:5-43
MERGED from [com.android.support:support-v4:21.0.3] AndroidManifest.xml:15:5-42
	android:targetSdkVersion
		ADDED from src/main/AndroidManifest.xml:8:3-32
	android:minSdkVersion
		ADDED from src/main/AndroidManifest.xml:7:3-29
supports-screens
ADDED from src/main/AndroidManifest.xml:10:2-14:33
	android:largeScreens
		ADDED from src/main/AndroidManifest.xml:11:3-30
	android:smallScreens
		ADDED from src/main/AndroidManifest.xml:13:3-31
	android:normalScreens
		ADDED from src/main/AndroidManifest.xml:12:3-31
	android:xlargeScreens
		ADDED from src/main/AndroidManifest.xml:14:3-31
application
ADDED from src/main/AndroidManifest.xml:16:2-29:16
MERGED from [com.android.support:support-v13:21.0.3] AndroidManifest.xml:16:5-19
MERGED from [com.android.support:support-v4:21.0.3] AndroidManifest.xml:16:5-19
	android:label
		ADDED from src/main/AndroidManifest.xml:18:3-35
	android:icon
		ADDED from src/main/AndroidManifest.xml:17:3-39
	android:theme
		ADDED from src/main/AndroidManifest.xml:19:3-34
activity#com.commonsware.android.mvp1.MainActivity
ADDED from src/main/AndroidManifest.xml:20:3-28:14
	android:label
		ADDED from src/main/AndroidManifest.xml:22:4-47
	android:name
		ADDED from src/main/AndroidManifest.xml:21:4-32
intent-filter#android.intent.action.MAIN+android.intent.category.LAUNCHER
ADDED from src/main/AndroidManifest.xml:23:4-27:20
action#android.intent.action.MAIN
ADDED from src/main/AndroidManifest.xml:24:5-56
	android:name
		ADDED from src/main/AndroidManifest.xml:24:13-54
category#android.intent.category.LAUNCHER
ADDED from src/main/AndroidManifest.xml:26:5-64
	android:name
		ADDED from src/main/AndroidManifest.xml:26:15-62